<?xml version="1.0" encoding="UTF-8"?>
<!-- Generated by org.testng.reporters.JUnitXMLReporter -->
<testsuite ignored="0" hostname="DESKTOP-CP5JU4S" failures="0" tests="6" name="Default test" time="11.357" errors="0" timestamp="2024-02-17T15:11:58 IST">
  <testcase classname="testClasses.TestCartPage" name="test_CheckCartItem" time="0.12"/>
  <testcase classname="testClasses.TestCartPage" name="test_CartClickCheckOutButton" time="0.105"/>
  <testcase classname="testClasses.TestCartPage" name="test_CartFirstNameField" time="0.145"/>
  <testcase classname="testClasses.TestCartPage" name="test_CartlastNameField" time="0.088"/>
  <testcase classname="testClasses.TestCartPage" name="test_CartPostalCodeField" time="0.101"/>
  <testcase classname="testClasses.TestCartPage" name="test_CartContinueButton" time="0.105"/>
</testsuite> <!-- Default test -->
