<?xml version="1.0" encoding="UTF-8"?>
<!-- Generated by org.testng.reporters.JUnitXMLReporter -->
<testsuite ignored="0" hostname="DESKTOP-CP5JU4S" failures="0" tests="11" name="Test" time="19.762" errors="0" timestamp="2024-02-17T19:09:57 IST">
  <testcase classname="testClasses.LoginPageTest" name="testUserNameField" time="0.416"/>
  <testcase classname="testClasses.LoginPageTest" name="testPasswordField" time="0.38"/>
  <testcase classname="testClasses.LoginPageTest" name="testLoginButton" time="0.327"/>
  <testcase classname="testClasses.ProductsPageTest" name="test_products" time="0.536"/>
  <testcase classname="testClasses.ProductsPageTest" name="test_NavigateToCart" time="0.11"/>
  <testcase classname="testClasses.CartPageTest" name="test_CheckCartItem" time="0.251"/>
  <testcase classname="testClasses.CartPageTest" name="test_CartClickCheckOutButton" time="0.291"/>
  <testcase classname="testClasses.CartPageTest" name="test_CartFirstNameField" time="0.658"/>
  <testcase classname="testClasses.CartPageTest" name="test_CartlastNameField" time="0.12"/>
  <testcase classname="testClasses.CartPageTest" name="test_CartPostalCodeField" time="0.092"/>
  <testcase classname="testClasses.CartPageTest" name="test_CartContinueButton" time="0.121"/>
</testsuite> <!-- Test -->
